<?xml version="1.0" encoding="UTF-8"?>
<testng-results skipped="0" failed="0" total="1" passed="1">
  <reporter-output>
  </reporter-output>
  <suite name="Suite" duration-ms="26118" started-at="2019-07-17T08:24:23Z" finished-at="2019-07-17T08:24:49Z">
    <groups>
    </groups>
    <test name="Test" duration-ms="26118" started-at="2019-07-17T08:24:23Z" finished-at="2019-07-17T08:24:49Z">
      <class name="com.gurubanking.testcases.NewCustomerTest">
        <test-method status="PASS" signature="setup(java.lang.String)[pri:0, instance:com.gurubanking.testcases.NewCustomerTest@67b64c45]" name="setup" is-config="true" duration-ms="20746" started-at="2019-07-17T13:54:23Z" finished-at="2019-07-17T13:54:44Z">
          <params>
            <param index="0">
              <value>
                <![CDATA[chrome]]>
              </value>
            </param>
          </params>
          <reporter-output>
          </reporter-output>
        </test-method> <!-- setup -->
        <test-method status="PASS" signature="submitWithoutDataTest()[pri:0, instance:com.gurubanking.testcases.NewCustomerTest@67b64c45]" name="submitWithoutDataTest" duration-ms="4453" started-at="2019-07-17T13:54:44Z" finished-at="2019-07-17T13:54:48Z">
          <reporter-output>
          </reporter-output>
        </test-method> <!-- submitWithoutDataTest -->
        <test-method status="PASS" signature="getResult(org.testng.ITestResult)[pri:0, instance:com.gurubanking.testcases.NewCustomerTest@67b64c45]" name="getResult" is-config="true" duration-ms="675" started-at="2019-07-17T13:54:48Z" finished-at="2019-07-17T13:54:49Z">
          <params>
            <param index="0">
              <value>
                <![CDATA[[TestResult name=submitWithoutDataTest status=SUCCESS method=NewCustomerTest.submitWithoutDataTest()[pri:0, instance:com.gurubanking.testcases.NewCustomerTest@67b64c45] output={null}]]]>
              </value>
            </param>
          </params>
          <reporter-output>
          </reporter-output>
        </test-method> <!-- getResult -->
        <test-method status="PASS" signature="teardown()[pri:0, instance:com.gurubanking.testcases.NewCustomerTest@67b64c45]" name="teardown" is-config="true" duration-ms="0" started-at="2019-07-17T13:54:49Z" finished-at="2019-07-17T13:54:49Z">
          <reporter-output>
          </reporter-output>
        </test-method> <!-- teardown -->
      </class> <!-- com.gurubanking.testcases.NewCustomerTest -->
    </test> <!-- Test -->
  </suite> <!-- Suite -->
</testng-results>
