<?xml version="1.0" encoding="UTF-8"?>
<!-- Generated by org.testng.reporters.JUnitXMLReporter -->
<testsuite hostname="hp-PC" ignored="1" name="Test" tests="1" failures="0" timestamp="19 Feb 2020 13:45:26 GMT" time="91.625" errors="0">
  <testcase name="verifyNewCustomer" time="12.219" classname="com.gurubanking.testcases.NewCustomerTest"/>
  <testcase name="submitWithoutDataTest" time="0.0" classname="com.gurubanking.testcases.NewCustomerTest">
    <ignored/>
  </testcase> <!-- submitWithoutDataTest -->
</testsuite> <!-- Test -->
