<?xml version="1.0" encoding="UTF-8"?>
<!-- Generated by org.testng.reporters.JUnitXMLReporter -->
<testsuite hostname="hp-PC" ignored="1" name="Login Test" tests="1" failures="0" timestamp="19 Feb 2020 17:32:52 GMT" time="118.267" errors="0">
  <testcase name="validLoginTest" time="5.36" classname="com.gurubanking.testcases.LoginTest"/>
  <testcase name="resetCredentialsTest" time="0.0" classname="com.gurubanking.testcases.LoginTest">
    <ignored/>
  </testcase> <!-- resetCredentialsTest -->
</testsuite> <!-- Login Test -->
