<?xml version="1.0" encoding="UTF-8"?>
<!-- Generated by org.testng.reporters.JUnitXMLReporter -->
<testsuite hostname="hp-PC" ignored="1" name="Reset Credentials Test" tests="1" failures="0" timestamp="19 Feb 2020 17:34:16 GMT" time="83.943" errors="0">
  <testcase name="resetCredentialsTest" time="13.044" classname="com.gurubanking.testcases.LoginTest"/>
  <testcase name="validLoginTest" time="0.0" classname="com.gurubanking.testcases.LoginTest">
    <ignored/>
  </testcase> <!-- validLoginTest -->
</testsuite> <!-- Reset Credentials Test -->
