<?xml version="1.0" encoding="UTF-8"?>
<!-- Generated by org.testng.reporters.JUnitXMLReporter -->
<testsuite hostname="hp-PC" ignored="1" name="New Customer Cases2" tests="1" failures="0" timestamp="19 Feb 2020 18:45:25 GMT" time="80.612" errors="0">
  <testcase name="submitWithoutDataTest" time="8.147" classname="com.gurubanking.testcases.NewCustomerTest"/>
  <testcase name="verifyNewCustomer" time="0.0" classname="com.gurubanking.testcases.NewCustomerTest">
    <ignored/>
  </testcase> <!-- verifyNewCustomer -->
</testsuite> <!-- New Customer Cases2 -->
